#
# A fatal error has been detected by the Java Runtime Environment:
#
#  EXCEPTION_ACCESS_VIOLATION (0xc0000005) at pc=0x00007ff85c9dcf68, pid=35440, tid=35044
#
# JRE version: OpenJDK Runtime Environment AdoptOpenJDK-11.0.11+9 (11.0.11+9) (build 11.0.11+9)
# Java VM: OpenJDK 64-Bit Server VM AdoptOpenJDK-11.0.11+9 (11.0.11+9, mixed mode, tiered, compressed oops, g1 gc, windows-amd64)
# Problematic frame:
# C  0x00007ff85c9dcf68
#
# No core dump will be written. Minidumps are not enabled by default on client versions of Windows
#
# If you would like to submit a bug report, please visit:
#   https://github.com/AdoptOpenJDK/openjdk-support/issues
# The crash happened outside the Java Virtual Machine in native code.
# See problematic frame for where to report the bug.
#

---------------  S U M M A R Y ------------

Command Line: -Dorg.eclipse.statet.rj.server.ClassPath.urls=file:///C:/PortableApps/EclipsePortable/App/eclipse/plugins/org.eclipse.statet.jcommons.util_4.6.0.202205020903.jar:,:file:///C:/PortableApps/EclipsePortable/App/eclipse/plugins/org.eclipse.statet.rj.data_4.6.0.202205020903.jar:,:file:///C:/PortableApps/EclipsePortable/App/eclipse/plugins/org.eclipse.statet.rj.server_4.6.0.202205020903.jar:,:file:///C:/PortableApps/EclipsePortable/App/eclipse/plugins/org.eclipse.swt_3.119.0.v20220223-1102.jar:,:file:///C:/PortableApps/EclipsePortable/App/eclipse/plugins/org.eclipse.swt.win32.win32.x86_64_3.119.0.v20220223-1102.jar -Djava.security.policy=jar:file:/C:/PortableApps/EclipsePortable/App/eclipse/plugins/org.eclipse.statet.rj.server_4.6.0.202205020903.jar!/localhost.policy -Djava.rmi.server.hostname=127.0.0.1 -Dorg.eclipse.statet.rj.rmi.disableSocketFactory=true -Dfile.encoding=UTF-8 -Djavax.net.ssl.trustStore=C:\Windows\Sun\Java\Deployment\trusted.certs RJSrv start rmi://127.0.0.1:51100/rjs-local-1654205628032 -auth=none -plugins=awt,swt,

Host: Intel(R) Core(TM) i5-6300U CPU @ 2.40GHz, 4 cores, 7G,  Windows 10 , 64 bit Build 19041 (10.0.19041.1706)
Time: Thu Jun  2 23:36:55 2022 W. Europe Daylight Time elapsed time: 187.350012 seconds (0d 0h 3m 7s)

---------------  T H R E A D  ---------------

Current thread (0x000002465c71d800):  JavaThread "Rengine Thread" daemon [_thread_in_native, id=35044, stack(0x000000979e000000,0x00000097a2000000)]

Stack: [0x000000979e000000,0x00000097a2000000],  sp=0x00000097a1ffa820,  free space=65514k
Native frames: (J=compiled Java code, j=interpreted, Vv=VM code, C=native code)
C  0x00007ff85c9dcf68

Java frames: (J=compiled Java code, j=interpreted, Vv=VM code)
j  org.rosuda.JRI.Rengine.rniRunMainLoop()V+0
j  org.rosuda.JRI.Rengine.run()V+81
v  ~StubRoutines::call_stub

siginfo: EXCEPTION_ACCESS_VIOLATION (0xc0000005), reading address 0xffffffffffffffff


Register to memory mapping:

RIP=0x00007ff85c9dcf68 points into unknown readable memory: 0x0006578f0f093b44 | 44 3b 09 0f 8f 57 06 00
RAX=0x00007ff85cd1bc50 points into unknown readable memory: 0x0000000000000000 | 00 00 00 00 00 00 00 00
RBX=0x0000000000000003 is an unknown value
RCX=0x8008a1867d71eba8 is an unknown value
RDX=0x000002465b0ed198 points into unknown readable memory: 0x8000a200b05626a8 | a8 26 56 b0 00 a2 00 80
RSP=0x00000097a1ffa820 is pointing into the stack for thread: 0x000002465c71d800
RBP=0x00000097a1ffa920 is pointing into the stack for thread: 0x000002465c71d800
RSI=0x0000000000000003 is an unknown value
RDI=0x00000097a1ffab80 is pointing into the stack for thread: 0x000002465c71d800
R8 =0x00003ffc2e68de28 is an unknown value
R9 =0x0000000000000001 is an unknown value
R10=0x0000000000000001 is an unknown value
R11=0x8010a10c4a8db0a8 is an unknown value
R12=0x00000097a1ffa940 is pointing into the stack for thread: 0x000002465c71d800
R13=0x00000097a1ffa998 is pointing into the stack for thread: 0x000002465c71d800
R14=0x8000a200b05626a8 is an unknown value
R15=0x00000097a1ffa990 is pointing into the stack for thread: 0x000002465c71d800


Registers:
RAX=0x00007ff85cd1bc50, RBX=0x0000000000000003, RCX=0x8008a1867d71eba8, RDX=0x000002465b0ed198
RSP=0x00000097a1ffa820, RBP=0x00000097a1ffa920, RSI=0x0000000000000003, RDI=0x00000097a1ffab80
R8 =0x00003ffc2e68de28, R9 =0x0000000000000001, R10=0x0000000000000001, R11=0x8010a10c4a8db0a8
R12=0x00000097a1ffa940, R13=0x00000097a1ffa998, R14=0x8000a200b05626a8, R15=0x00000097a1ffa990
RIP=0x00007ff85c9dcf68, EFLAGS=0x0000000000010282

Top of Stack: (sp=0x00000097a1ffa820)
0x00000097a1ffa820:   0000000000000000 000002465b8688dc
0x00000097a1ffa830:   00000097a1ffa860 00007ff85cc40edb
0x00000097a1ffa840:   000002465b8688d0 000002465b8688dc
0x00000097a1ffa850:   000002465b868ad0 00000097a1ffa900
0x00000097a1ffa860:   00000097a1ffaa00 00000097a1ffa8c0
0x00000097a1ffa870:   0000000000000018 00007ff800000001
0x00000097a1ffa880:   0000000004ad03c2 00000000000000c2
0x00000097a1ffa890:   000002465c907780 01007ff85cbc71dc
0x00000097a1ffa8a0:   00000097a1ffa8d0 00007ff85cc9ccaf
0x00000097a1ffa8b0:   0000024600000000 00000246398b1200
0x00000097a1ffa8c0:   000002465b868ad0 00000246398b0000
0x00000097a1ffa8d0:   00000246398b02a8 00007ff85cc61c20
0x00000097a1ffa8e0:   0000000000000000 00000246398b0cc0
0x00000097a1ffa8f0:   000002465b868ad0 0000000000000000
0x00000097a1ffa900:   000002465c7b76d0 0000000000000020
0x00000097a1ffa910:   0000000000000018 0000000000000004 

Instructions: (pc=0x00007ff85c9dcf68)
0x00007ff85c9dce68:   00 00 48 89 44 24 40 48 89 84 24 f0 01 00 00 48
0x00007ff85c9dce78:   89 84 24 f8 01 00 00 48 8d 84 24 a0 00 00 00 c7
0x00007ff85c9dce88:   84 24 e0 01 00 00 00 00 00 00 48 c7 84 24 e8 01
0x00007ff85c9dce98:   00 00 00 00 00 00 48 c7 84 24 00 02 00 00 00 00
0x00007ff85c9dcea8:   00 00 48 89 44 24 48 48 89 84 24 08 02 00 00 48
0x00007ff85c9dceb8:   c7 84 24 c0 00 00 00 00 00 00 00 48 3b 57 08 0f
0x00007ff85c9dcec8:   84 1a 24 00 00 48 8d b4 24 e0 00 00 00 31 c0 48
0x00007ff85c9dced8:   89 74 24 38 48 8d 0c 40 48 8b 74 ca 08 48 2b 34
0x00007ff85c9dcee8:   ca 48 c1 fe 02 0f 84 7d 01 00 00 31 db 4c 8d bc
0x00007ff85c9dcef8:   24 70 01 00 00 48 8d ac 24 00 01 00 00 4c 8d ac
0x00007ff85c9dcf08:   24 78 01 00 00 0f 1f 00 48 8d 04 40 4c 8b 04 c2
0x00007ff85c9dcf18:   31 d2 41 8b 0c 98 48 83 c3 01 48 89 d8 48 f7 f6
0x00007ff85c9dcf28:   48 63 c1 45 8b 0c 90 48 8d 14 40 48 8b 84 24 c0
0x00007ff85c9dcf38:   01 00 00 48 8d 14 d0 48 8b 42 08 4c 8b 32 48 c1
0x00007ff85c9dcf48:   e0 05 4d 8d 1c 06 48 c1 f8 05 eb 20 0f 1f 40 00
0x00007ff85c9dcf58:   49 89 c0 49 d1 e8 4c 89 c1 48 c1 e1 05 4c 01 f1
0x00007ff85c9dcf68:   44 3b 09 0f 8f 57 06 00 00 4c 89 c0 48 85 c0 75
0x00007ff85c9dcf78:   df 4d 39 f3 74 09 45 3b 0e 0f 8d c1 00 00 00 48
0x00007ff85c9dcf88:   8b 4c 24 38 44 89 8c 24 40 01 00 00 49 89 e8 44
0x00007ff85c9dcf98:   89 8c 24 70 01 00 00 4d 89 f9 48 c7 84 24 20 01
0x00007ff85c9dcfa8:   00 00 00 00 00 00 48 c7 84 24 28 01 00 00 00 00
0x00007ff85c9dcfb8:   00 00 48 c7 84 24 30 01 00 00 00 00 00 00 48 c7
0x00007ff85c9dcfc8:   84 24 48 01 00 00 00 00 00 00 48 c7 84 24 50 01
0x00007ff85c9dcfd8:   00 00 00 00 00 00 48 c7 84 24 58 01 00 00 00 00
0x00007ff85c9dcfe8:   00 00 48 c7 84 24 78 01 00 00 00 00 00 00 48 c7
0x00007ff85c9dcff8:   84 24 80 01 00 00 00 00 00 00 48 c7 84 24 88 01
0x00007ff85c9dd008:   00 00 00 00 00 00 4c 89 b4 24 00 01 00 00 e8 e5
0x00007ff85c9dd018:   32 17 00 4c 89 e9 4c 8d a4 24 20 01 00 00 e8 75
0x00007ff85c9dd028:   8e 17 00 48 8d 8c 24 48 01 00 00 4c 8b b4 24 e0
0x00007ff85c9dd038:   00 00 00 e8 60 8e 17 00 4c 89 e1 e8 58 8e 17 00
0x00007ff85c9dd048:   49 8d 56 08 4c 8d 84 24 c0 00 00 00 4c 89 f9 e8
0x00007ff85c9dd058:   34 65 17 00 48 8b 17 48 8b 84 24 c0 00 00 00 48 


Stack slot to memory mapping:
stack at sp + 0 slots: 0x0 is NULL
stack at sp + 1 slots: 0x000002465b8688dc points into unknown readable memory: 31 00 00 00
stack at sp + 2 slots: 0x00000097a1ffa860 is pointing into the stack for thread: 0x000002465c71d800
stack at sp + 3 slots: 0x00007ff85cc40edb points into unknown readable memory: 48 83 c4 20 5d
stack at sp + 4 slots: 0x000002465b8688d0 points into unknown readable memory: 0x0000000300000001 | 01 00 00 00 03 00 00 00
stack at sp + 5 slots: 0x000002465b8688dc points into unknown readable memory: 31 00 00 00
stack at sp + 6 slots: 0x000002465b868ad0 points into unknown readable memory: 0x0000000300000001 | 01 00 00 00 03 00 00 00
stack at sp + 7 slots: 0x00000097a1ffa900 is pointing into the stack for thread: 0x000002465c71d800


---------------  P R O C E S S  ---------------

Threads class SMR info:
_java_thread_list=0x000002465c7b8060, length=19, elements={
0x000002465afa0800, 0x000002465afa9800, 0x000002465afb4800, 0x000002465afb7800,
0x000002465afb8800, 0x000002465afce000, 0x000002465afd3000, 0x000002465affe000,
0x000002465b19d800, 0x000002465b19e000, 0x000002465b1a1800, 0x000002465b1a3000,
0x000002465b1a2800, 0x000002465b1a0000, 0x000002465b19f000, 0x000002465b19c800,
0x000002465c71c800, 0x000002465c71d800, 0x000002465c71b000
}

Java Threads: ( => current thread )
  0x000002465afa0800 JavaThread "Reference Handler" daemon [_thread_blocked, id=4924, stack(0x000000979cb00000,0x000000979cc00000)]
  0x000002465afa9800 JavaThread "Finalizer" daemon [_thread_blocked, id=36012, stack(0x000000979cc00000,0x000000979cd00000)]
  0x000002465afb4800 JavaThread "Signal Dispatcher" daemon [_thread_blocked, id=31572, stack(0x000000979cd00000,0x000000979ce00000)]
  0x000002465afb7800 JavaThread "Attach Listener" daemon [_thread_blocked, id=28032, stack(0x000000979ce00000,0x000000979cf00000)]
  0x000002465afb8800 JavaThread "Service Thread" daemon [_thread_blocked, id=22516, stack(0x000000979cf00000,0x000000979d000000)]
  0x000002465afce000 JavaThread "C2 CompilerThread0" daemon [_thread_blocked, id=34324, stack(0x000000979d000000,0x000000979d100000)]
  0x000002465afd3000 JavaThread "C1 CompilerThread0" daemon [_thread_blocked, id=26156, stack(0x000000979d100000,0x000000979d200000)]
  0x000002465affe000 JavaThread "Sweeper thread" daemon [_thread_blocked, id=16220, stack(0x000000979d200000,0x000000979d300000)]
  0x000002465b19d800 JavaThread "Common-Cleaner" daemon [_thread_blocked, id=26760, stack(0x000000979d400000,0x000000979d500000)]
  0x000002465b19e000 JavaThread "Java2D Disposer" daemon [_thread_blocked, id=25872, stack(0x000000979d800000,0x000000979d900000)]
  0x000002465b1a1800 JavaThread "AWT-Windows" daemon [_thread_in_native, id=12748, stack(0x000000979da00000,0x000000979db00000)]
  0x000002465b1a3000 JavaThread "RMI TCP Accept-0" daemon [_thread_in_native, id=15604, stack(0x000000979d500000,0x000000979d600000)]
  0x000002465b1a2800 JavaThread "RMI Reaper" [_thread_blocked, id=17712, stack(0x000000979dc00000,0x000000979dd00000)]
  0x000002465b1a0000 JavaThread "RMI GC Daemon" daemon [_thread_blocked, id=35844, stack(0x000000979dd00000,0x000000979de00000)]
  0x000002465b19f000 JavaThread "RMI Scheduler(0)" daemon [_thread_blocked, id=15548, stack(0x000000979de00000,0x000000979df00000)]
  0x000002465b19c800 JavaThread "DestroyJavaVM" [_thread_blocked, id=27868, stack(0x000000979c400000,0x000000979c500000)]
  0x000002465c71c800 JavaThread "RMI TCP Connection(9)-127.0.0.1" daemon [_thread_blocked, id=23832, stack(0x000000979df00000,0x000000979e000000)]
=>0x000002465c71d800 JavaThread "Rengine Thread" daemon [_thread_in_native, id=35044, stack(0x000000979e000000,0x00000097a2000000)]
  0x000002465c71b000 JavaThread "OutPipe-5" daemon [_thread_in_native, id=8492, stack(0x00000097a2000000,0x00000097a2100000)]

Other Threads:
  0x000002465af59000 VMThread "VM Thread" [stack: 0x000000979ca00000,0x000000979cb00000] [id=36388]
  0x000002465b153000 WatcherThread [stack: 0x000000979d300000,0x000000979d400000] [id=22008]
  0x000002463c075000 GCTaskThread "GC Thread#0" [stack: 0x000000979c500000,0x000000979c600000] [id=10940]
  0x000002465b79e000 GCTaskThread "GC Thread#1" [stack: 0x000000979d600000,0x000000979d700000] [id=11676]
  0x000002465b780000 GCTaskThread "GC Thread#2" [stack: 0x000000979d700000,0x000000979d800000] [id=31880]
  0x000002465c50b000 GCTaskThread "GC Thread#3" [stack: 0x000000979db00000,0x000000979dc00000] [id=11800]
  0x000002463c0c3000 ConcurrentGCThread "G1 Main Marker" [stack: 0x000000979c600000,0x000000979c700000] [id=18476]
  0x000002463c0c4000 ConcurrentGCThread "G1 Conc#0" [stack: 0x000000979c700000,0x000000979c800000] [id=35560]
  0x000002463c15b800 ConcurrentGCThread "G1 Refine#0" [stack: 0x000000979c800000,0x000000979c900000] [id=26984]
  0x000002463c15e000 ConcurrentGCThread "G1 Young RemSet Sampling" [stack: 0x000000979c900000,0x000000979ca00000] [id=27264]

Threads with active compile tasks:

VM state:not at safepoint (normal execution)

VM Mutex/Monitor currently owned by a thread: None

Heap address: 0x0000000081e00000, size: 2018 MB, Compressed Oops mode: 32-bit
Narrow klass base: 0x0000000000000000, Narrow klass shift: 3
Compressed class space size: 1073741824 Address: 0x0000000100000000

Heap:
 garbage-first heap   total 14336K, used 5403K [0x0000000081e00000, 0x0000000100000000)
  region size 1024K, 2 young (2048K), 1 survivors (1024K)
 Metaspace       used 20762K, capacity 21523K, committed 21632K, reserved 1069056K
  class space    used 2080K, capacity 2389K, committed 2432K, reserved 1048576K
Heap Regions: E=young(eden), S=young(survivor), O=old, HS=humongous(starts), HC=humongous(continues), CS=collection set, F=free, A=archive, TAMS=top-at-mark-start (previous, next)
|   0|0x0000000081e00000, 0x0000000081efffe8, 0x0000000081f00000| 99%| O|  |TAMS 0x0000000081e00000, 0x0000000081e00000| Untracked 
|   1|0x0000000081f00000, 0x0000000081fffff8, 0x0000000082000000| 99%| O|  |TAMS 0x0000000081f00000, 0x0000000081f00000| Untracked 
|   2|0x0000000082000000, 0x00000000820ffff8, 0x0000000082100000| 99%| O|  |TAMS 0x0000000082000000, 0x0000000082000000| Untracked 
|   3|0x0000000082100000, 0x00000000821f4770, 0x0000000082200000| 95%| O|  |TAMS 0x0000000082100000, 0x0000000082100000| Untracked 
|   4|0x0000000082200000, 0x0000000082300000, 0x0000000082300000|100%| O|  |TAMS 0x0000000082200000, 0x0000000082200000| Untracked 
|   5|0x0000000082300000, 0x0000000082348e00, 0x0000000082400000| 28%| O|  |TAMS 0x0000000082300000, 0x0000000082300000| Untracked 
|   6|0x0000000082400000, 0x0000000082400000, 0x0000000082500000|  0%| F|  |TAMS 0x0000000082400000, 0x0000000082400000| Untracked 
|   7|0x0000000082500000, 0x0000000082500000, 0x0000000082600000|  0%| F|  |TAMS 0x0000000082500000, 0x0000000082500000| Untracked 
|   8|0x0000000082600000, 0x0000000082600000, 0x0000000082700000|  0%| F|  |TAMS 0x0000000082600000, 0x0000000082600000| Untracked 
|   9|0x0000000082700000, 0x0000000082709858, 0x0000000082800000|  3%| S|CS|TAMS 0x0000000082700000, 0x0000000082700000| Complete 
|  10|0x0000000082800000, 0x0000000082800000, 0x0000000082900000|  0%| F|  |TAMS 0x0000000082800000, 0x0000000082800000| Untracked 
|  11|0x0000000082900000, 0x0000000082900000, 0x0000000082a00000|  0%| F|  |TAMS 0x0000000082900000, 0x0000000082900000| Untracked 
|  12|0x0000000082a00000, 0x0000000082a00000, 0x0000000082b00000|  0%| F|  |TAMS 0x0000000082a00000, 0x0000000082a00000| Untracked 
|  13|0x0000000082b00000, 0x0000000082b0df08, 0x0000000082c00000|  5%| E|  |TAMS 0x0000000082b00000, 0x0000000082b00000| Complete 

Card table byte_map: [0x0000024653c10000,0x0000024654010000] _byte_map_base: 0x0000024653801000

Marking Bits (Prev, Next): (CMBitMap*) 0x000002463c0ba708, (CMBitMap*) 0x000002463c0ba740
 Prev Bits: [0x0000024654410000, 0x0000024656398000)
 Next Bits: [0x00000246563a0000, 0x0000024658328000)

Polling page: 0x0000024639ac0000

Metaspace:

Usage:
  Non-class:     18.69 MB capacity,    18.24 MB ( 98%) used,   382.23 KB (  2%) free+waste,    70.13 KB ( <1%) overhead. 
      Class:      2.33 MB capacity,     2.03 MB ( 87%) used,   271.07 KB ( 11%) free+waste,    37.06 KB (  2%) overhead. 
       Both:     21.02 MB capacity,    20.28 MB ( 96%) used,   653.30 KB (  3%) free+waste,   107.19 KB ( <1%) overhead. 

Virtual space:
  Non-class space:       20.00 MB reserved,      18.75 MB ( 94%) committed 
      Class space:        1.00 GB reserved,       2.38 MB ( <1%) committed 
             Both:        1.02 GB reserved,      21.13 MB (  2%) committed 

Chunk freelists:
   Non-Class:  2.00 KB
       Class:  0 bytes
        Both:  2.00 KB

MaxMetaspaceSize: 17179869184.00 GB
CompressedClassSpaceSize: 1.00 GB

CodeHeap 'non-profiled nmethods': size=120064Kb used=1375Kb max_used=1375Kb free=118688Kb
 bounds [0x000002464c2d0000, 0x000002464c540000, 0x0000024653810000]
CodeHeap 'profiled nmethods': size=120000Kb used=5129Kb max_used=5129Kb free=114870Kb
 bounds [0x0000024644da0000, 0x00000246452b0000, 0x000002464c2d0000]
CodeHeap 'non-nmethods': size=5696Kb used=1260Kb max_used=1289Kb free=4435Kb
 bounds [0x0000024644810000, 0x0000024644a80000, 0x0000024644da0000]
 total_blobs=2983 nmethods=2322 adapters=572
 compilation: enabled
              stopped_count=0, restarted_count=0
 full_count=0

Compilation events (20 events):
Event: 135.497 Thread 0x000002465afce000 2315       4       java.io.ObjectOutputStream$HandleTable::assign (52 bytes)
Event: 135.501 Thread 0x000002465afce000 nmethod 2315 0x000002464c422910 code [0x000002464c422ae0, 0x000002464c422e78]
Event: 135.518 Thread 0x000002465afd3000 2316       3       java.io.DataOutputStream::writeInt (65 bytes)
Event: 135.518 Thread 0x000002465afd3000 nmethod 2316 0x00000246452a1110 code [0x00000246452a1300, 0x00000246452a1818]
Event: 135.520 Thread 0x000002465afce000 2317   !   4       java.io.ObjectStreamClass::lookup (334 bytes)
Event: 135.595 Thread 0x000002465afce000 nmethod 2317 0x000002464c423190 code [0x000002464c4234e0, 0x000002464c425b20]
Event: 140.392 Thread 0x000002465afce000 2318       4       sun.rmi.runtime.Log$LoggerLog::log (39 bytes)
Event: 140.394 Thread 0x000002465afce000 nmethod 2318 0x000002464c426990 code [0x000002464c426b20, 0x000002464c426bd8]
Event: 142.733 Thread 0x000002465afce000 2319       4       de.walware.rj.internal.server.gr.jri.GRSrvEngine::domexShouldRunHotMode (31 bytes)
Event: 142.734 Thread 0x000002465afce000 nmethod 2319 0x000002464c426d10 code [0x000002464c426ea0, 0x000002464c426f48]
Event: 164.737 Thread 0x000002465afd3000 2320       3       java.lang.Thread::isInterrupted (6 bytes)
Event: 164.737 Thread 0x000002465afd3000 nmethod 2320 0x00000246452a1a10 code [0x00000246452a1bc0, 0x00000246452a1d08]
Event: 164.737 Thread 0x000002465afd3000 2321       3       java.util.concurrent.SynchronousQueue$TransferStack::shouldSpin (30 bytes)
Event: 164.737 Thread 0x000002465afd3000 nmethod 2321 0x00000246452a1d90 code [0x00000246452a1f60, 0x00000246452a21f8]
Event: 164.737 Thread 0x000002465afd3000 2322       3       java.lang.Thread::onSpinWait (1 bytes)
Event: 164.737 Thread 0x000002465afd3000 nmethod 2322 0x00000246452a2310 code [0x00000246452a24c0, 0x00000246452a2598]
Event: 170.210 Thread 0x000002465afce000 2323       4       java.util.concurrent.locks.ReentrantLock$Sync::isHeldExclusively (16 bytes)
Event: 170.212 Thread 0x000002465afce000 nmethod 2323 0x000002464c427010 code [0x000002464c4271a0, 0x000002464c427238]
Event: 187.256 Thread 0x000002465afce000 2324       4       java.io.ObjectInputStream::readByte (8 bytes)
Event: 187.262 Thread 0x000002465afce000 nmethod 2324 0x000002464c427310 code [0x000002464c4274e0, 0x000002464c427a78]

GC Heap History (20 events):
Event: 77.198 GC heap after
{Heap after GC invocations=23 (full 2):
 garbage-first heap   total 14336K, used 5413K [0x0000000081e00000, 0x0000000100000000)
  region size 1024K, 1 young (1024K), 1 survivors (1024K)
 Metaspace       used 20760K, capacity 21523K, committed 21632K, reserved 1069056K
  class space    used 2080K, capacity 2389K, committed 2432K, reserved 1048576K
}
Event: 77.410 GC heap before
{Heap before GC invocations=23 (full 2):
 garbage-first heap   total 14336K, used 9509K [0x0000000081e00000, 0x0000000100000000)
  region size 1024K, 5 young (5120K), 1 survivors (1024K)
 Metaspace       used 20760K, capacity 21523K, committed 21632K, reserved 1069056K
  class space    used 2080K, capacity 2389K, committed 2432K, reserved 1048576K
}
Event: 77.411 GC heap after
{Heap after GC invocations=24 (full 2):
 garbage-first heap   total 14336K, used 5403K [0x0000000081e00000, 0x0000000100000000)
  region size 1024K, 1 young (1024K), 1 survivors (1024K)
 Metaspace       used 20760K, capacity 21523K, committed 21632K, reserved 1069056K
  class space    used 2080K, capacity 2389K, committed 2432K, reserved 1048576K
}
Event: 77.594 GC heap before
{Heap before GC invocations=24 (full 2):
 garbage-first heap   total 14336K, used 9499K [0x0000000081e00000, 0x0000000100000000)
  region size 1024K, 5 young (5120K), 1 survivors (1024K)
 Metaspace       used 20760K, capacity 21523K, committed 21632K, reserved 1069056K
  class space    used 2080K, capacity 2389K, committed 2432K, reserved 1048576K
}
Event: 77.595 GC heap after
{Heap after GC invocations=25 (full 2):
 garbage-first heap   total 14336K, used 5796K [0x0000000081e00000, 0x0000000100000000)
  region size 1024K, 1 young (1024K), 1 survivors (1024K)
 Metaspace       used 20760K, capacity 21523K, committed 21632K, reserved 1069056K
  class space    used 2080K, capacity 2389K, committed 2432K, reserved 1048576K
}
Event: 98.414 GC heap before
{Heap before GC invocations=25 (full 2):
 garbage-first heap   total 14336K, used 9892K [0x0000000081e00000, 0x0000000100000000)
  region size 1024K, 5 young (5120K), 1 survivors (1024K)
 Metaspace       used 20760K, capacity 21523K, committed 21632K, reserved 1069056K
  class space    used 2080K, capacity 2389K, committed 2432K, reserved 1048576K
}
Event: 98.415 GC heap after
{Heap after GC invocations=26 (full 2):
 garbage-first heap   total 14336K, used 5398K [0x0000000081e00000, 0x0000000100000000)
  region size 1024K, 1 young (1024K), 1 survivors (1024K)
 Metaspace       used 20760K, capacity 21523K, committed 21632K, reserved 1069056K
  class space    used 2080K, capacity 2389K, committed 2432K, reserved 1048576K
}
Event: 98.725 GC heap before
{Heap before GC invocations=26 (full 2):
 garbage-first heap   total 14336K, used 9494K [0x0000000081e00000, 0x0000000100000000)
  region size 1024K, 5 young (5120K), 1 survivors (1024K)
 Metaspace       used 20760K, capacity 21523K, committed 21632K, reserved 1069056K
  class space    used 2080K, capacity 2389K, committed 2432K, reserved 1048576K
}
Event: 98.726 GC heap after
{Heap after GC invocations=27 (full 2):
 garbage-first heap   total 14336K, used 5394K [0x0000000081e00000, 0x0000000100000000)
  region size 1024K, 1 young (1024K), 1 survivors (1024K)
 Metaspace       used 20760K, capacity 21523K, committed 21632K, reserved 1069056K
  class space    used 2080K, capacity 2389K, committed 2432K, reserved 1048576K
}
Event: 99.056 GC heap before
{Heap before GC invocations=27 (full 2):
 garbage-first heap   total 14336K, used 9490K [0x0000000081e00000, 0x0000000100000000)
  region size 1024K, 5 young (5120K), 1 survivors (1024K)
 Metaspace       used 20760K, capacity 21523K, committed 21632K, reserved 1069056K
  class space    used 2080K, capacity 2389K, committed 2432K, reserved 1048576K
}
Event: 99.057 GC heap after
{Heap after GC invocations=28 (full 2):
 garbage-first heap   total 14336K, used 5439K [0x0000000081e00000, 0x0000000100000000)
  region size 1024K, 1 young (1024K), 1 survivors (1024K)
 Metaspace       used 20760K, capacity 21523K, committed 21632K, reserved 1069056K
  class space    used 2080K, capacity 2389K, committed 2432K, reserved 1048576K
}
Event: 134.753 GC heap before
{Heap before GC invocations=28 (full 2):
 garbage-first heap   total 14336K, used 9535K [0x0000000081e00000, 0x0000000100000000)
  region size 1024K, 5 young (5120K), 1 survivors (1024K)
 Metaspace       used 20760K, capacity 21523K, committed 21632K, reserved 1069056K
  class space    used 2080K, capacity 2389K, committed 2432K, reserved 1048576K
}
Event: 134.754 GC heap after
{Heap after GC invocations=29 (full 2):
 garbage-first heap   total 14336K, used 5387K [0x0000000081e00000, 0x0000000100000000)
  region size 1024K, 1 young (1024K), 1 survivors (1024K)
 Metaspace       used 20760K, capacity 21523K, committed 21632K, reserved 1069056K
  class space    used 2080K, capacity 2389K, committed 2432K, reserved 1048576K
}
Event: 135.031 GC heap before
{Heap before GC invocations=29 (full 2):
 garbage-first heap   total 14336K, used 9483K [0x0000000081e00000, 0x0000000100000000)
  region size 1024K, 5 young (5120K), 1 survivors (1024K)
 Metaspace       used 20760K, capacity 21523K, committed 21632K, reserved 1069056K
  class space    used 2080K, capacity 2389K, committed 2432K, reserved 1048576K
}
Event: 135.031 GC heap after
{Heap after GC invocations=30 (full 2):
 garbage-first heap   total 14336K, used 5568K [0x0000000081e00000, 0x0000000100000000)
  region size 1024K, 1 young (1024K), 1 survivors (1024K)
 Metaspace       used 20760K, capacity 21523K, committed 21632K, reserved 1069056K
  class space    used 2080K, capacity 2389K, committed 2432K, reserved 1048576K
}
Event: 135.206 GC heap before
{Heap before GC invocations=30 (full 2):
 garbage-first heap   total 14336K, used 9664K [0x0000000081e00000, 0x0000000100000000)
  region size 1024K, 5 young (5120K), 1 survivors (1024K)
 Metaspace       used 20760K, capacity 21523K, committed 21632K, reserved 1069056K
  class space    used 2080K, capacity 2389K, committed 2432K, reserved 1048576K
}
Event: 135.208 GC heap after
{Heap after GC invocations=31 (full 2):
 garbage-first heap   total 14336K, used 5808K [0x0000000081e00000, 0x0000000100000000)
  region size 1024K, 1 young (1024K), 1 survivors (1024K)
 Metaspace       used 20760K, capacity 21523K, committed 21632K, reserved 1069056K
  class space    used 2080K, capacity 2389K, committed 2432K, reserved 1048576K
}
Event: 135.369 GC heap before
{Heap before GC invocations=31 (full 2):
 garbage-first heap   total 14336K, used 9904K [0x0000000081e00000, 0x0000000100000000)
  region size 1024K, 5 young (5120K), 1 survivors (1024K)
 Metaspace       used 20760K, capacity 21523K, committed 21632K, reserved 1069056K
  class space    used 2080K, capacity 2389K, committed 2432K, reserved 1048576K
}
Event: 135.370 GC heap after
{Heap after GC invocations=32 (full 2):
 garbage-first heap   total 14336K, used 5473K [0x0000000081e00000, 0x0000000100000000)
  region size 1024K, 1 young (1024K), 1 survivors (1024K)
 Metaspace       used 20760K, capacity 21523K, committed 21632K, reserved 1069056K
  class space    used 2080K, capacity 2389K, committed 2432K, reserved 1048576K
}
Event: 187.265 GC heap before
{Heap before GC invocations=32 (full 2):
 garbage-first heap   total 14336K, used 9569K [0x0000000081e00000, 0x0000000100000000)
  region size 1024K, 5 young (5120K), 1 survivors (1024K)
 Metaspace       used 20762K, capacity 21523K, committed 21632K, reserved 1069056K
  class space    used 2080K, capacity 2389K, committed 2432K, reserved 1048576K
}

Deoptimization events (20 events):
Event: 55.089 Thread 0x000002465c71c800 Uncommon trap: trap_request=0xffffff4d fr.pc=0x000002464c3e1430 relative=0x0000000000000730
Event: 55.089 Thread 0x000002465c71c800 Uncommon trap: reason=unstable_if action=reinterpret pc=0x000002464c3e1430 method=java.io.ObjectOutputStream$BlockDataOutputStream.write([BIIZ)V @ 2 c2
Event: 55.089 Thread 0x000002465c71c800 DEOPT PACKING pc=0x000002464c3e1430 sp=0x000000979dffa890
Event: 55.089 Thread 0x000002465c71c800 DEOPT UNPACKING pc=0x000002464483662f sp=0x000000979dffa888 mode 2
Event: 55.089 Thread 0x000002465b1a0800 Uncommon trap: trap_request=0xffffffc6 fr.pc=0x000002464c3bc184 relative=0x0000000000001404
Event: 55.089 Thread 0x000002465b1a0800 Uncommon trap: reason=bimorphic_or_optimized_type_check action=maybe_recompile pc=0x000002464c3bc184 method=java.security.Permissions.implies(Ljava/security/Permission;)Z @ 22 c2
Event: 55.089 Thread 0x000002465b1a0800 DEOPT PACKING pc=0x000002464c3bc184 sp=0x000000979d9fb4b0
Event: 55.089 Thread 0x000002465b1a0800 DEOPT UNPACKING pc=0x000002464483662f sp=0x000000979d9fb3c8 mode 2
Event: 57.660 Thread 0x000002465c71c000 Uncommon trap: trap_request=0xffffffc6 fr.pc=0x000002464c3bc184 relative=0x0000000000001404
Event: 57.660 Thread 0x000002465c71c000 Uncommon trap: reason=bimorphic_or_optimized_type_check action=maybe_recompile pc=0x000002464c3bc184 method=java.security.Permissions.implies(Ljava/security/Permission;)Z @ 22 c2
Event: 57.660 Thread 0x000002465c71c000 DEOPT PACKING pc=0x000002464c3bc184 sp=0x00000097a22fcf40
Event: 57.660 Thread 0x000002465c71c000 DEOPT UNPACKING pc=0x000002464483662f sp=0x00000097a22fce58 mode 2
Event: 57.660 Thread 0x000002465c71c000 Uncommon trap: trap_request=0xffffffc6 fr.pc=0x000002464c3bc184 relative=0x0000000000001404
Event: 57.660 Thread 0x000002465c71c000 Uncommon trap: reason=bimorphic_or_optimized_type_check action=maybe_recompile pc=0x000002464c3bc184 method=java.security.Permissions.implies(Ljava/security/Permission;)Z @ 22 c2
Event: 57.660 Thread 0x000002465c71c000 DEOPT PACKING pc=0x000002464c3bc184 sp=0x00000097a22fce60
Event: 57.660 Thread 0x000002465c71c000 DEOPT UNPACKING pc=0x000002464483662f sp=0x00000097a22fcd78 mode 2
Event: 57.664 Thread 0x000002465b1a0800 Uncommon trap: trap_request=0xffffffc6 fr.pc=0x000002464c3bc184 relative=0x0000000000001404
Event: 57.664 Thread 0x000002465b1a0800 Uncommon trap: reason=bimorphic_or_optimized_type_check action=maybe_recompile pc=0x000002464c3bc184 method=java.security.Permissions.implies(Ljava/security/Permission;)Z @ 22 c2
Event: 57.664 Thread 0x000002465b1a0800 DEOPT PACKING pc=0x000002464c3bc184 sp=0x000000979d9fb6d0
Event: 57.664 Thread 0x000002465b1a0800 DEOPT UNPACKING pc=0x000002464483662f sp=0x000000979d9fb5e8 mode 2

Classes redefined (0 events):
No events

Internal exceptions (20 events):
Event: 1.431 Thread 0x000002463c05b000 Exception <a 'java/lang/IncompatibleClassChangeError'{0x00000000828b97f8}: Found class java.lang.Object, but interface was expected> (0x00000000828b97f8) thrown at [./src/hotspot/share/interpreter/linkResolver.cpp, line 839]
Event: 1.432 Thread 0x000002463c05b000 Exception <a 'java/lang/NoSuchMethodError'{0x00000000828bc700}: 'void java.lang.invoke.DirectMethodHandle$Holder.invokeStaticInit(java.lang.Object, java.lang.Object)'> (0x00000000828bc700) thrown at [./src/hotspot/share/interpreter/linkResolver.cpp, line 773]
Event: 1.434 Thread 0x000002463c05b000 Exception <a 'java/lang/NoSuchMethodError'{0x00000000828c2068}: 'int java.lang.invoke.DirectMethodHandle$Holder.invokeStaticInit(java.lang.Object, java.lang.Object)'> (0x00000000828c2068) thrown at [./src/hotspot/share/interpreter/linkResolver.cpp, line 773]
Event: 1.997 Thread 0x000002463c05b000 Exception <a 'java/lang/NoSuchMethodError'{0x00000000828f9770}: 'java.lang.Object java.lang.invoke.DirectMethodHandle$Holder.invokeStatic(java.lang.Object, java.lang.Object, int, int, int, int)'> (0x00000000828f9770) thrown at [./src/hotspot/share/interpreter/linkResolver.cpp, line 773]
Event: 1.997 Thread 0x000002463c05b000 Exception <a 'java/lang/NoSuchMethodError'{0x00000000828fcfd8}: 'java.lang.Object java.lang.invoke.DirectMethodHandle$Holder.invokeStaticInit(java.lang.Object, java.lang.Object, int, int, int, int)'> (0x00000000828fcfd8) thrown at [./src/hotspot/share/interpreter/linkResolver.cpp, line 773]
Event: 2.423 Thread 0x000002465b1a0800 Exception <a 'java/lang/NoSuchMethodError'{0x0000000082a8f608}: 'java.lang.Object java.lang.invoke.DelegatingMethodHandle$Holder.reinvoke_L(java.lang.Object, int, java.lang.Object)'> (0x0000000082a8f608) thrown at [./src/hotspot/share/interpreter/linkResolver.cpp, line 773]
Event: 2.452 Thread 0x000002465b1a0800 Exception <a 'java/lang/NoSuchMethodError'{0x0000000082adab00}: <clinit>> (0x0000000082adab00) thrown at [./src/hotspot/share/prims/jni.cpp, line 1362]
Event: 2.665 Thread 0x000002465c71c800 Exception <a 'java/lang/NoSuchMethodError'{0x0000000082afbd98}: <clinit>> (0x0000000082afbd98) thrown at [./src/hotspot/share/prims/jni.cpp, line 1362]
Event: 3.203 Thread 0x000002465c71c800 Exception <a 'java/lang/NoSuchMethodError'{0x000000008291dab8}: <clinit>> (0x000000008291dab8) thrown at [./src/hotspot/share/prims/jni.cpp, line 1362]
Event: 4.160 Thread 0x000002465c71c800 Exception <a 'java/lang/NoSuchMethodError'{0x0000000082a4df08}: <clinit>> (0x0000000082a4df08) thrown at [./src/hotspot/share/prims/jni.cpp, line 1362]
Event: 4.321 Thread 0x000002465c71c800 Exception <a 'java/lang/NoSuchMethodError'{0x000000008295a070}: <clinit>> (0x000000008295a070) thrown at [./src/hotspot/share/prims/jni.cpp, line 1362]
Event: 9.449 Thread 0x000002465c71c800 Implicit null exception at 0x000002464c374c9b to 0x000002464c3761bc
Event: 22.765 Thread 0x000002465c71c800 Exception <a 'java/lang/NoSuchMethodError'{0x0000000082be8ae8}: <clinit>> (0x0000000082be8ae8) thrown at [./src/hotspot/share/prims/jni.cpp, line 1362]
Event: 55.060 Thread 0x000002465c71c800 Exception <a 'java/lang/NoSuchMethodError'{0x00000000828c8308}: 'java.lang.Object java.lang.invoke.DirectMethodHandle$Holder.invokeSpecial(java.lang.Object, java.lang.Object, int, int, java.lang.Object, int, java.lang.Object, java.lang.Object)'> (0x00000000828c8308) thrown at [./src/hotspot/share/interpreter/linkResolver.cpp, line 773]
Event: 55.061 Thread 0x000002465c71c800 Exception <a 'java/lang/NoSuchMethodError'{0x00000000828cb948}: 'java.lang.Object java.lang.invoke.DelegatingMethodHandle$Holder.reinvoke_L(java.lang.Object, int, int, java.lang.Object, int, java.lang.Object, java.lang.Object)'> (0x00000000828cb948) thrown at [./src/hotspot/share/interpreter/linkResolver.cpp, line 773]
Event: 55.075 Thread 0x000002465c71c800 Exception <a 'java/lang/NoSuchMethodError'{0x0000000082b003b0}: 'java.lang.Object java.lang.invoke.DirectMethodHandle$Holder.invokeStatic(java.lang.Object, java.lang.Object, java.lang.Object, java.lang.Object, java.lang.Object, java.lang.Object, java.lang.Object, java.lang.Object, int, int, java.lang.Object)'> (0x0000000082b003b0) thrown at [./src/hotspot/share/interpreter/linkResolver.cpp, line 773]
Event: 55.078 Thread 0x000002465c71c800 Exception <a 'java/lang/NoSuchMethodError'{0x0000000082b1da68}: 'java.lang.Object java.lang.invoke.DirectMethodHandle$Holder.invokeStatic(java.lang.Object, java.lang.Object, java.lang.Object, java.lang.Object, java.lang.Object, java.lang.Object, java.lang.Object, java.lang.Object, int, int, java.lang.Object, java.lang.Object)'> (0x0000000082b1da68) thrown at [./src/hotspot/share/interpreter/linkResolver.cpp, line 773]
Event: 55.088 Thread 0x000002465c71c800 Exception <a 'java/lang/NoSuchMethodError'{0x0000000082b56778}: <clinit>> (0x0000000082b56778) thrown at [./src/hotspot/share/prims/jni.cpp, line 1362]
Event: 55.092 Thread 0x000002465c71c000 Exception <a 'java/lang/InterruptedException'{0x0000000082b69238}> (0x0000000082b69238) thrown at [./src/hotspot/share/runtime/objectMonitor.cpp, line 1635]
Event: 55.094 Thread 0x000002465c71c000 Exception <a 'java/lang/NoSuchMethodError'{0x0000000082b7e6c0}: 'java.lang.Object java.lang.invoke.DirectMethodHandle$Holder.invokeStatic(java.lang.Object, java.lang.Object, int, java.lang.Object, long)'> (0x0000000082b7e6c0) thrown at [./src/hotspot/share/interpreter/linkResolver.cpp, line 773]

Events (20 events):
Event: 98.415 Executing VM operation: G1CollectForAllocation done
Event: 98.725 Executing VM operation: G1CollectForAllocation
Event: 98.726 Executing VM operation: G1CollectForAllocation done
Event: 99.056 Executing VM operation: G1CollectForAllocation
Event: 99.057 Executing VM operation: G1CollectForAllocation done
Event: 134.721 Executing VM operation: RevokeBias
Event: 134.721 Executing VM operation: RevokeBias done
Event: 134.753 Executing VM operation: G1CollectForAllocation
Event: 134.754 Executing VM operation: G1CollectForAllocation done
Event: 135.031 Executing VM operation: G1CollectForAllocation
Event: 135.031 Executing VM operation: G1CollectForAllocation done
Event: 135.206 Executing VM operation: G1CollectForAllocation
Event: 135.208 Executing VM operation: G1CollectForAllocation done
Event: 135.369 Executing VM operation: G1CollectForAllocation
Event: 135.370 Executing VM operation: G1CollectForAllocation done
Event: 139.352 Thread 0x000002465c718000 Thread exited: 0x000002465c718000
Event: 145.111 Thread 0x000002465b1a0800 Thread exited: 0x000002465b1a0800
Event: 185.396 Executing VM operation: RevokeBias
Event: 185.396 Executing VM operation: RevokeBias done
Event: 187.265 Executing VM operation: G1CollectForAllocation


Dynamic libraries:
0x00007ff6e0910000 - 0x00007ff6e091d000 	C:\Program Files\Java\jdk-11\bin\javaw.exe
0x00007ff8c0230000 - 0x00007ff8c0425000 	C:\WINDOWS\SYSTEM32\ntdll.dll
0x00007ff8be280000 - 0x00007ff8be33d000 	C:\WINDOWS\System32\KERNEL32.DLL
0x00007ff8bdbd0000 - 0x00007ff8bde9d000 	C:\WINDOWS\System32\KERNELBASE.dll
0x00007ff898770000 - 0x00007ff898bbb000 	c:\windows\system32\dgapi64.dll
0x00007ff8bfa60000 - 0x00007ff8bfa68000 	C:\WINDOWS\System32\PSAPI.DLL
0x00007ff8b49b0000 - 0x00007ff8b49ba000 	C:\WINDOWS\SYSTEM32\VERSION.dll
0x00007ff8b6e00000 - 0x00007ff8b6e14000 	C:\WINDOWS\SYSTEM32\WTSAPI32.dll
0x00007ff8c0020000 - 0x00007ff8c01c0000 	C:\WINDOWS\System32\USER32.dll
0x00007ff8bf960000 - 0x00007ff8bf9fe000 	C:\WINDOWS\System32\msvcrt.dll
0x00007ff8be120000 - 0x00007ff8be142000 	C:\WINDOWS\System32\win32u.dll
0x00007ff8bd840000 - 0x00007ff8bd86e000 	C:\WINDOWS\SYSTEM32\USERENV.dll
0x00007ff8a1280000 - 0x00007ff8a12e6000 	C:\WINDOWS\SYSTEM32\OLEACC.dll
0x00007ff8bfaf0000 - 0x00007ff8bfb1a000 	C:\WINDOWS\System32\GDI32.dll
0x00007ff8bdf10000 - 0x00007ff8be010000 	C:\WINDOWS\System32\ucrtbase.dll
0x00007ff8be010000 - 0x00007ff8be11b000 	C:\WINDOWS\System32\gdi32full.dll
0x00007ff8bdb30000 - 0x00007ff8bdbcd000 	C:\WINDOWS\System32\msvcp_win.dll
0x00007ff8bf4a0000 - 0x00007ff8bf54e000 	C:\WINDOWS\System32\ADVAPI32.dll
0x00007ff8bef80000 - 0x00007ff8bf01c000 	C:\WINDOWS\System32\sechost.dll
0x00007ff8bf1a0000 - 0x00007ff8bf2c5000 	C:\WINDOWS\System32\RPCRT4.dll
0x00007ff8be830000 - 0x00007ff8bef74000 	C:\WINDOWS\System32\SHELL32.dll
0x00007ff8bf830000 - 0x00007ff8bf95a000 	C:\WINDOWS\System32\ole32.dll
0x00007ff8bfcc0000 - 0x00007ff8c0014000 	C:\WINDOWS\System32\combase.dll
0x00007ff8bf6a0000 - 0x00007ff8bf76d000 	C:\WINDOWS\System32\OLEAUT32.dll
0x00007ff8be7c0000 - 0x00007ff8be815000 	C:\WINDOWS\System32\SHLWAPI.dll
0x00007ff8bd9d0000 - 0x00007ff8bdb26000 	C:\WINDOWS\System32\CRYPT32.dll
0x00007ff8b4670000 - 0x00007ff8b468f000 	C:\WINDOWS\SYSTEM32\MPR.dll
0x00007ff8b6400000 - 0x00007ff8b6415000 	C:\Program Files\Java\jdk-11\bin\VCRUNTIME140.dll
0x00007ff8b6ba0000 - 0x00007ff8b6bb7000 	C:\Program Files\Java\jdk-11\bin\jli.dll
0x00007ff89e900000 - 0x00007ff89eb9a000 	C:\WINDOWS\WinSxS\amd64_microsoft.windows.common-controls_6595b64144ccf1df_6.0.19041.1110_none_60b5254171f9507e\COMCTL32.dll
0x00007ff8c01c0000 - 0x00007ff8c01f0000 	C:\WINDOWS\System32\IMM32.DLL
0x00007ff8bb680000 - 0x00007ff8bbe14000 	C:\WINDOWS\SYSTEM32\windows.storage.dll
0x00007ff8bd1a0000 - 0x00007ff8bd1cc000 	C:\WINDOWS\SYSTEM32\Wldp.dll
0x00007ff8bfbb0000 - 0x00007ff8bfc5d000 	C:\WINDOWS\System32\SHCORE.dll
0x00007ff8bd940000 - 0x00007ff8bd9c2000 	C:\WINDOWS\System32\bcryptPrimitives.dll
0x00007ff8bd880000 - 0x00007ff8bd89f000 	C:\WINDOWS\SYSTEM32\profapi.dll
0x00007ff8a0300000 - 0x00007ff8a0344000 	C:\Program Files\DGAgent\plugins\09D849B6-32D3-4A40-85EE-6B84BA29E35B\AE_MailSensor_Plugin64.dll
0x00007ff899ee0000 - 0x00007ff89a055000 	C:\Program Files\DGAgent\plugins\09D849B6-32D3-4A40-85EE-6B84BA29E35B\ame_outlooksensor64.dll
0x00007ff899e40000 - 0x00007ff899eda000 	C:\Program Files\DGAgent\plugins\09D849B6-32D3-4A40-85EE-6B84BA29E35B\ame_smtpsensor64.dll
0x00007ff8b6bd0000 - 0x00007ff8b6bed000 	C:\Program Files\DGAgent\plugins\8E4EA70A-6128-4B57-BD3F-8E9E0F0DA6BB\OS_Plugin64.dll
0x00007ff898670000 - 0x00007ff89876d000 	C:\Program Files\DGAgent\plugins\8E4EA70A-6128-4B57-BD3F-8E9E0F0DA6BB\COM_Sensor64.dll
0x00007ff8bd750000 - 0x00007ff8bd78c000 	C:\WINDOWS\SYSTEM32\privman64.dll
0x00007ff89cfd0000 - 0x00007ff89d06b000 	C:\Program Files\Java\jdk-11\bin\msvcp140.dll
0x00007ff867a70000 - 0x00007ff8685bb000 	C:\Program Files\Java\jdk-11\bin\server\jvm.dll
0x00007ff8a3180000 - 0x00007ff8a3189000 	C:\WINDOWS\SYSTEM32\WSOCK32.dll
0x00007ff8bf630000 - 0x00007ff8bf69b000 	C:\WINDOWS\System32\WS2_32.dll
0x00007ff8a1990000 - 0x00007ff8a19b7000 	C:\WINDOWS\SYSTEM32\WINMM.dll
0x00007ff8bc040000 - 0x00007ff8bc052000 	C:\WINDOWS\SYSTEM32\kernel.appcore.dll
0x00007ff8b79e0000 - 0x00007ff8b79f0000 	C:\Program Files\Java\jdk-11\bin\verify.dll
0x00007ff8bbe20000 - 0x00007ff8bc004000 	C:\WINDOWS\SYSTEM32\DBGHELP.DLL
0x00007ff8b0460000 - 0x00007ff8b048c000 	C:\WINDOWS\SYSTEM32\dbgcore.DLL
0x00007ff8b61b0000 - 0x00007ff8b61d8000 	C:\Program Files\Java\jdk-11\bin\java.dll
0x00007ff8b79a0000 - 0x00007ff8b79aa000 	C:\Program Files\Java\jdk-11\bin\jimage.dll
0x00007ff8ae860000 - 0x00007ff8ae877000 	C:\Program Files\Java\jdk-11\bin\zip.dll
0x00007ff8ae610000 - 0x00007ff8ae629000 	C:\Program Files\Java\jdk-11\bin\net.dll
0x00007ff8bc8b0000 - 0x00007ff8bc9ba000 	C:\WINDOWS\SYSTEM32\WINHTTP.dll
0x00007ff8bcf90000 - 0x00007ff8bcffa000 	C:\WINDOWS\system32\mswsock.dll
0x00007ff8ae3d0000 - 0x00007ff8ae3e2000 	C:\Program Files\Java\jdk-11\bin\nio.dll
0x00007ff8adfd0000 - 0x00007ff8adff5000 	C:\Program Files\Java\jdk-11\bin\sunec.dll
0x00007ff87a8c0000 - 0x00007ff87aa59000 	C:\Program Files\Java\jdk-11\bin\awt.dll
0x00007ff8bad20000 - 0x00007ff8badb0000 	C:\WINDOWS\SYSTEM32\apphelp.dll
0x00007ff8baec0000 - 0x00007ff8baf5e000 	C:\WINDOWS\system32\uxtheme.dll
0x00007ff8bf080000 - 0x00007ff8bf195000 	C:\WINDOWS\System32\MSCTF.dll
0x00007ff8b78b0000 - 0x00007ff8b78b7000 	C:\WINDOWS\system32\OskSupport.dll
0x00007ff8bb010000 - 0x00007ff8bb03f000 	C:\WINDOWS\system32\DWMAPI.DLL
0x00007ff8bd1f0000 - 0x00007ff8bd208000 	C:\WINDOWS\SYSTEM32\CRYPTSP.dll
0x00007ff8bc820000 - 0x00007ff8bc854000 	C:\WINDOWS\system32\rsaenh.dll
0x00007ff8be200000 - 0x00007ff8be227000 	C:\WINDOWS\System32\bcrypt.dll
0x00007ff8bd1d0000 - 0x00007ff8bd1dc000 	C:\WINDOWS\SYSTEM32\CRYPTBASE.dll
0x00007ff8bcca0000 - 0x00007ff8bccdb000 	C:\WINDOWS\SYSTEM32\IPHLPAPI.DLL
0x00007ff8be820000 - 0x00007ff8be828000 	C:\WINDOWS\System32\NSI.dll
0x00007ff8b59d0000 - 0x00007ff8b59e7000 	C:\WINDOWS\SYSTEM32\dhcpcsvc6.DLL
0x00007ff8b59b0000 - 0x00007ff8b59cd000 	C:\WINDOWS\SYSTEM32\dhcpcsvc.DLL
0x00007ff8bcce0000 - 0x00007ff8bcdab000 	C:\WINDOWS\SYSTEM32\DNSAPI.dll
0x00007ff8b7cb0000 - 0x00007ff8b7cb7000 	C:\Program Files\Java\jdk-11\bin\rmi.dll
0x0000000062d80000 - 0x0000000062de4000 	C:\PortableApps\R\R-4.1.2\App\R-Portable\library\rj\jri\x64\jri.dll
0x000000006c700000 - 0x000000006e672000 	C:\PortableApps\R\R-4.1.2\App\R-Portable\bin\x64\R.dll
0x0000000064e80000 - 0x0000000064f02000 	C:\PortableApps\R\R-4.1.2\App\R-Portable\bin\x64\Rblas.dll
0x0000000063540000 - 0x00000000635ef000 	C:\PortableApps\R\R-4.1.2\App\R-Portable\bin\x64\Rgraphapp.dll
0x00000000641c0000 - 0x0000000064220000 	C:\PortableApps\R\R-4.1.2\App\R-Portable\bin\x64\Riconv.dll
0x00007ff8a21d0000 - 0x00007ff8a21d7000 	C:\WINDOWS\SYSTEM32\MSIMG32.dll
0x000002465e190000 - 0x000002465e26b000 	C:\WINDOWS\System32\comdlg32.dll
0x000002463bf10000 - 0x000002463bfb9000 	C:\WINDOWS\System32\clbcatq.dll
0x00007ff8b8a70000 - 0x00007ff8b8b66000 	C:\WINDOWS\SYSTEM32\PROPSYS.dll
0x0000000064a40000 - 0x0000000064a54000 	C:\PortableApps\R\R-4.1.2\App\R-Portable\library\methods\libs\x64\methods.dll
0x0000000000760000 - 0x000000000078d000 	C:\PortableApps\R\R-4.1.2\App\R-Portable\library\utils\libs\x64\utils.dll
0x000000006fc80000 - 0x000000006fe09000 	C:\PortableApps\R\R-4.1.2\App\R-Portable\library\grDevices\libs\x64\grDevices.dll
0x0000000063740000 - 0x0000000063792000 	C:\PortableApps\R\R-4.1.2\App\R-Portable\library\graphics\libs\x64\graphics.dll
0x0000000071100000 - 0x00000000711a9000 	C:\PortableApps\R\R-4.1.2\App\R-Portable\library\stats\libs\x64\stats.dll
0x0000000000790000 - 0x0000000000a1e000 	C:\PortableApps\R\R-4.1.2\App\R-Portable\bin\x64\Rlapack.dll
0x00007ff880f00000 - 0x00007ff880fbe000 	C:\Users\sdl96354\.swt\lib\win32\x86_64\swt-win32-4950r5.dll
0x00007ff8b1350000 - 0x00007ff8b13e4000 	C:\WINDOWS\SYSTEM32\WINSPOOL.DRV
0x00007ff89c1e0000 - 0x00007ff89c1f9000 	C:\WINDOWS\SYSTEM32\USP10.dll
0x00007ff8b07f0000 - 0x00007ff8b09dc000 	C:\WINDOWS\SYSTEM32\urlmon.dll
0x00007ff8b0530000 - 0x00007ff8b07e1000 	C:\WINDOWS\SYSTEM32\iertutil.dll
0x00007ff8b4580000 - 0x00007ff8b45a8000 	C:\WINDOWS\SYSTEM32\srvcli.dll
0x00007ff8b65a0000 - 0x00007ff8b6a76000 	C:\WINDOWS\SYSTEM32\WININET.dll
0x00007ff8bcdb0000 - 0x00007ff8bcdbc000 	C:\WINDOWS\SYSTEM32\netutils.dll
0x00007ff885e60000 - 0x00007ff885fde000 	C:\Windows\System32\TaskFlowDataEngine.dll
0x00007ff8ba0c0000 - 0x00007ff8ba214000 	C:\WINDOWS\SYSTEM32\wintypes.dll
0x00007ff897d30000 - 0x00007ff8981fb000 	C:\Windows\System32\cdp.dll
0x00007ff8be230000 - 0x00007ff8be27e000 	C:\WINDOWS\System32\cfgmgr32.dll
0x00007ff8adc20000 - 0x00007ff8add5d000 	C:\Windows\System32\dsreg.dll
0x00007ff8bd790000 - 0x00007ff8bd7a2000 	C:\Windows\System32\UMPDC.dll
0x000002465d4a0000 - 0x000002465d52a000 	C:\Windows\System32\msvcp110_win.dll
0x00007ff89f140000 - 0x00007ff89f1bd000 	C:\Windows\System32\OneCoreCommonProxyStub.dll
0x0000000069640000 - 0x000000006965a000 	C:\PortableApps\R\R-4.1.2\App\R-Portable\library\rj.gd\libs\x64\rj.gd.dll
0x0000000000a20000 - 0x0000000000a40000 	C:\PortableApps\R\R-4.1.2\App\R-Portable\library\tools\libs\x64\tools.dll
0x0000000000a40000 - 0x0000000000d3d000 	C:\PortableApps\R\R-4.1.2\App\R-Portable\library\fs\libs\x64\fs.dll
0x0000000065ec0000 - 0x0000000065ef0000 	C:\PortableApps\R\R-4.1.2\App\R-Portable\library\cli\libs\x64\cli.dll
0x0000000000d40000 - 0x0000000000d97000 	C:\PortableApps\R\R-4.1.2\App\R-Portable\library\rlang\libs\x64\rlang.dll
0x0000000062ac0000 - 0x0000000062acd000 	C:\PortableApps\R\R-4.1.2\App\R-Portable\library\ellipsis\libs\x64\ellipsis.dll
0x0000000000da0000 - 0x0000000000dd4000 	C:\PortableApps\R\R-4.1.2\App\R-Portable\library\fastmap\libs\x64\fastmap.dll
0x0000000067d00000 - 0x0000000067d0d000 	C:\PortableApps\R\R-4.1.2\App\R-Portable\library\cachem\libs\x64\cachem.dll
0x0000000068080000 - 0x000000006815a000 	C:\PortableApps\R\R-4.1.2\App\R-Portable\library\processx\libs\x64\processx.dll
0x000000006ecc0000 - 0x000000006ecdd000 	C:\PortableApps\R\R-4.1.2\App\R-Portable\library\ps\libs\x64\ps.dll
0x00007ff88d050000 - 0x00007ff88d099000 	C:\WINDOWS\SYSTEM32\pdh.dll
0x0000000000de0000 - 0x0000000000dee000 	C:\PortableApps\R\R-4.1.2\App\R-Portable\library\brio\libs\x64\brio.dll
0x0000000061300000 - 0x000000006130e000 	C:\PortableApps\R\R-4.1.2\App\R-Portable\library\magrittr\libs\x64\magrittr.dll
0x0000000000df0000 - 0x0000000000f30000 	C:\PortableApps\R\R-4.1.2\App\R-Portable\library\testthat\libs\x64\testthat.dll
0x0000000063400000 - 0x000000006340e000 	C:\PortableApps\R\R-4.1.2\App\R-Portable\library\glue\libs\x64\glue.dll
0x0000000065b40000 - 0x0000000065b53000 	C:\PortableApps\R\R-4.1.2\App\R-Portable\library\purrr\libs\x64\purrr.dll
0x00007ff8bd800000 - 0x00007ff8bd832000 	C:\WINDOWS\SYSTEM32\SspiCli.dll
0x00007ff8bd7b0000 - 0x00007ff8bd7fb000 	C:\WINDOWS\SYSTEM32\powrprof.dll
0x00000000625c0000 - 0x00000000625e0000 	C:\PortableApps\R\R-4.1.2\App\R-Portable\library\fansi\libs\x64\fansi.dll
0x0000000069280000 - 0x00000000692d2000 	C:\PortableApps\R\R-4.1.2\App\R-Portable\library\utf8\libs\x64\utf8.dll
0x0000000000f30000 - 0x000000000107a000 	C:\PortableApps\R\R-4.1.2\App\R-Portable\library\vctrs\libs\x64\vctrs.dll
0x0000000061c00000 - 0x0000000061c0e000 	C:\PortableApps\R\R-4.1.2\App\R-Portable\library\tibble\libs\x64\tibble.dll

dbghelp: loaded successfully - version: 4.0.5 - missing functions: none
symbol engine: initialized successfully - sym options: 0x614 - pdb path: .;C:\Program Files\Java\jdk-11\bin;C:\WINDOWS\SYSTEM32;C:\WINDOWS\WinSxS\amd64_microsoft.windows.common-controls_6595b64144ccf1df_6.0.19041.1110_none_60b5254171f9507e;C:\Program Files\DGAgent\plugins\09D849B6-32D3-4A40-85EE-6B84BA29E35B;C:\Program Files\DGAgent\plugins\8E4EA70A-6128-4B57-BD3F-8E9E0F0DA6BB;C:\Program Files\Java\jdk-11\bin\server;C:\PortableApps\R\R-4.1.2\App\R-Portable\library\rj\jri\x64;C:\PortableApps\R\R-4.1.2\App\R-Portable\bin\x64;C:\PortableApps\R\R-4.1.2\App\R-Portable\library\methods\libs\x64;C:\PortableApps\R\R-4.1.2\App\R-Portable\library\utils\libs\x64;C:\PortableApps\R\R-4.1.2\App\R-Portable\library\grDevices\libs\x64;C:\PortableApps\R\R-4.1.2\App\R-Portable\library\graphics\libs\x64;C:\PortableApps\R\R-4.1.2\App\R-Portable\library\stats\libs\x64;C:\Users\sdl96354\.swt\lib\win32\x86_64;C:\PortableApps\R\R-4.1.2\App\R-Portable\library\rj.gd\libs\x64;C:\PortableApps\R\R-4.1.2\App\R-Portable\library\tools\libs\x64;C:\PortableApps\R\R-4.1.2\App\R-Portable\library\fs\libs\x64;C:\PortableApps\R\R-4.1.2\App\R-Portable\library\cli\libs\x64;C:\PortableApps\R\R-4.1.2\App\R-Portable\library\rlang\libs\x64;C:\PortableApps\R\R-4.1.2\App\R-Portable\library\ellipsis\libs\x64;C:\PortableApps\R\R-4.1.2\App\R-Portable\library\fastmap\libs\x64;C:\PortableApps\R\R-4.1.2\App\R-Portable\library\cachem\libs\x64;C:\PortableApps\R\R-4.1.2\App\R-Portable\library\processx\libs\x64;C:\PortableApps\R\R-4.1.2\App\R-Portable\library\ps\libs\x64;C:\PortableApps\R\R-4.1.2\App\R-Portable\library\brio\libs\x64;C:\PortableApps\R\R-4.1.2\App\R-Portable\library\magrittr\libs\x64;C:\PortableApps\R\R-4.1.2\App\R-Portable\library\testthat\libs\x64;C:\PortableApps\R\R-4.1.2\App\R-Portable\library\glue\libs\x64;C:\PortableApps\R\R-4.1.2\App\R-Portable\library\purrr\libs\x64;C:\PortableApps\R\R-4.1.2\App\R-Portable\library\fansi\libs\x64;C:\PortableApps\R\R-4.1.2\App\R-Portable\library\utf8\libs\x64;C:\PortableApps\R\R-4.1.2\App\R-Portable\library\vctrs\libs\x64;C:\PortableApps\R\R-4.1.2\App\R-Portable\library\tibble\libs\x64;C:\PortableApps\R\R-4.1.2\App\R-Portable\modules\x64;C:\PortableApps\R\R-4.1.2\App\R-Portable\library\Rcpp\libs\x64;C:\PortableApps\R\R-4.1.2\App\R-Portable\library\Rvcg\libs\x64;C:\PortableApps\R\R-4.1.2\App\R-Portable\library\data.table\libs\x64;C:\PortableApps\R\R-4.1.2\App\R-Portable\library\gmp\libs\x64;C:\PortableApps\R\R-4.1.2\App\R-Portable\library\digest\libs\x64;C:\PortableApps\R\R-4.1.2\App\R-Portable\library\htmltools\libs\x64;C:\PortableApps\R\R-4.1.2\App\R-Portable\library\jsonlite\libs\x64;C:\PortableApps\R\R-4.1.2\App\R-Portable\library\xfun\libs\x64;C:\PortableApps\R\R-4.1.2\App\R-Portable\library\rgl\libs\x64;C:\WINDOWS\System32\DriverStore\FileRepository\igdlh64.inf_amd64_88be531f147c5057;C:\PortableApps\R\R-4.1.2\App\R-Portable\library\MeshesOperations\libs\x64

VM Arguments:
jvm_args: -Dorg.eclipse.statet.rj.server.ClassPath.urls=file:///C:/PortableApps/EclipsePortable/App/eclipse/plugins/org.eclipse.statet.jcommons.util_4.6.0.202205020903.jar:,:file:///C:/PortableApps/EclipsePortable/App/eclipse/plugins/org.eclipse.statet.rj.data_4.6.0.202205020903.jar:,:file:///C:/PortableApps/EclipsePortable/App/eclipse/plugins/org.eclipse.statet.rj.server_4.6.0.202205020903.jar:,:file:///C:/PortableApps/EclipsePortable/App/eclipse/plugins/org.eclipse.swt_3.119.0.v20220223-1102.jar:,:file:///C:/PortableApps/EclipsePortable/App/eclipse/plugins/org.eclipse.swt.win32.win32.x86_64_3.119.0.v20220223-1102.jar -Djava.security.policy=jar:file:/C:/PortableApps/EclipsePortable/App/eclipse/plugins/org.eclipse.statet.rj.server_4.6.0.202205020903.jar!/localhost.policy -Djava.rmi.server.hostname=127.0.0.1 -Dorg.eclipse.statet.rj.rmi.disableSocketFactory=true -Dfile.encoding=UTF-8 -Djavax.net.ssl.trustStore=C:\Windows\Sun\Java\Deployment\trusted.certs 
java_command: RJSrv start rmi://127.0.0.1:51100/rjs-local-1654205628032 -auth=none -plugins=awt,swt,
java_class_path (initial): C:\PortableApps\R\R-4.1.2\App\R-Portable\library\rj\server\rj-boot.jar
Launcher Type: SUN_STANDARD

[Global flags]
     intx CICompilerCount                          = 3                                         {product} {ergonomic}
     uint ConcGCThreads                            = 1                                         {product} {ergonomic}
     uint G1ConcRefinementThreads                  = 4                                         {product} {ergonomic}
   size_t G1HeapRegionSize                         = 1048576                                   {product} {ergonomic}
    uintx GCDrainStackTargetSize                   = 64                                        {product} {ergonomic}
   size_t InitialHeapSize                          = 134217728                                 {product} {ergonomic}
   size_t MarkStackSize                            = 4194304                                   {product} {ergonomic}
   size_t MaxHeapSize                              = 2116026368                                {product} {ergonomic}
   size_t MaxNewSize                               = 1268776960                                {product} {ergonomic}
   size_t MinHeapDeltaBytes                        = 1048576                                   {product} {ergonomic}
    uintx NonNMethodCodeHeapSize                   = 5830732                                {pd product} {ergonomic}
    uintx NonProfiledCodeHeapSize                  = 122913754                              {pd product} {ergonomic}
    uintx ProfiledCodeHeapSize                     = 122913754                              {pd product} {ergonomic}
    uintx ReservedCodeCacheSize                    = 251658240                              {pd product} {ergonomic}
     bool SegmentedCodeCache                       = true                                      {product} {ergonomic}
     bool UseCompressedClassPointers               = true                                 {lp64_product} {ergonomic}
     bool UseCompressedOops                        = true                                 {lp64_product} {ergonomic}
     bool UseG1GC                                  = true                                      {product} {ergonomic}
     bool UseLargePagesIndividualAllocation        = false                                  {pd product} {ergonomic}

Logging:
Log output configuration:
 #0: stdout all=warning uptime,level,tags
 #1: stderr all=off uptime,level,tags

Environment Variables:
JAVA_HOME=C:\Program Files\Java\jdk-11
_JAVA_OPTIONS=-Djavax.net.ssl.trustStore=C:\Windows\Sun\Java\Deployment\trusted.certs
PATH=C:\PortableApps\R\R-4.1.2\App\R-Portable\bin\x64;C:/Program Files/Java/jdk-11/bin/server;C:/Program Files/Java/jdk-11/bin;C:\PortableApps\CommonFiles\OpenJDK64\bin;C:\Program Files\Java\jdk-11\bin;C:\Anaconda3;C:\Anaconda3\Library\mingw-w64\bin;C:\Anaconda3\Library\usr\bin;C:\Anaconda3\Library\bin;C:\Anaconda3\Scripts;C:\Program Files (x86)\RSA SecurID Token Common;C:\Program Files (x86)\Common Files\Oracle\Java\javapath;C:\WINDOWS\system32;C:\WINDOWS;C:\WINDOWS\System32\Wbem;C:\WINDOWS\System32\WindowsPowerShell\v1.0\;C:\WINDOWS\System32\OpenSSH\;C:\Program Files\Intel\WiFi\bin\;C:\Program Files\Common Files\Intel\WirelessCommon\;C:\Program Files (x86)\Intel\Intel(R) Management Engine Components\DAL;C:\Program Files\Intel\Intel(R) Management Engine Components\DAL;C:\Program Files (x86)\Plantronics\Spokes3G\;C:\Program Files\Azure Data Studio\bin;C:\Program Files (x86)\Microsoft SQL Server\150\DTS\Binn\;C:\Program Files\Java\WebStart\bin;C:\PortableApps\Chocolatey\lib\winlibs\tools\mingw64\bin;C:\Users\sdl96354\AppData\Roaming\local\bin;C:\PortableApps\PortableAppsPlatform\PortableApps\CppcheckPortable\App\Cppcheck64;C:\PortableApps\WPy64-3950\python-3.9.5.amd64\Scripts;C:\Users\sdl96354\.poetry\bin;C:\Users\sdl96354\scoop\shims;C:\Users\sdl96354\AppData\Local\Microsoft\WindowsApps;C:\PortableApps\NodeJS;C:\PortableApps\MiKTeX\texmfs\install\miktex\bin\x64;C:\PortableApps\RStudio-2021.09.0-351\bin\pandoc;C:\PortableApps\R\R-4.2.0\bin\x64;C:\PortableApps\ImageMagick;C:\PortableApps\ruby\bin;C:\PortableApps\msys64;C:\PortableApps\PortableAppsPlatform\PortableApps\GoogleChromePortable\App\Chrome-bin;C:\PortableApps\QEMU;C:\PortableApps\gifsicle;C:\PortableApps\msys64\mingw64\bin;C:\PortableApps\julia-1.6.1\bin;C:\PortableApps\phantomjs\bin;C:\PortableApps\cmder\vendor\git-for-windows;C:\Aliases;C:\PortableApps\cmder\vendor\git-for-windows\mingw64\bin;C:\PortableApps\PortableAppsPlatform\PortableApps\CommonFiles\Ghostscript\bin;C:\PortableApps\PortableAppsPlatform\Por
USERNAME=SDL96354
OS=Windows_NT
PROCESSOR_IDENTIFIER=Intel64 Family 6 Model 78 Stepping 3, GenuineIntel



---------------  S Y S T E M  ---------------

OS: Windows 10 , 64 bit Build 19041 (10.0.19041.1706)
OS uptime: 14 days 4:39 hours
Hyper-V role detected

CPU:total 4 (initial active 4) (2 cores per cpu, 2 threads per core) family 6 model 78 stepping 3 microcode 0xcc, cmov, cx8, fxsr, mmx, sse, sse2, sse3, ssse3, sse4.1, sse4.2, popcnt, avx, avx2, aes, clmul, erms, rtm, 3dnowpref, lzcnt, ht, tsc, tscinvbit, bmi1, bmi2, adx, fma

Memory: 4k page, system-wide physical 8071M (1253M free)
TotalPageFile size 28727M (AvailPageFile size 6086M)
current process WorkingSet (physical memory assigned to process): 346M, peak: 361M
current process commit charge ("private bytes"): 402M, peak: 424M

vm_info: OpenJDK 64-Bit Server VM (11.0.11+9) for windows-amd64 JRE (11.0.11+9), built on Apr 20 2021 21:22:09 by "" with MS VC++ 15.9 (VS2017)

END.
